<?xml version="1.0" encoding="UTF-8"?>
<!-- Generated by org.testng.reporters.JUnitReportReporter -->
<testsuite hostname="MBP-Joanna.lan" failures="0" tests="2" name="DynamicLoadingPageTests" time="5.306" errors="0" timestamp="2022-01-31T18:54:36 CET" skipped="0">
  <testcase classname="DynamicLoadingPageTests" name="checkLoadingBarDisplay" time="0.241"/>
  <system-out/>
  <testcase classname="DynamicLoadingPageTests" name="checkConfirmationText" time="5.065"/>
  <system-out/>
</testsuite> <!-- DynamicLoadingPageTests -->
