<?xml version="1.0" encoding="UTF-8"?>
<!-- Generated by org.testng.reporters.JUnitReportReporter -->
<testsuite hostname="MBP-Joanna.lan" failures="0" tests="5" name="LinkRedirectionPageTest" time="3.421" errors="0" timestamp="2022-01-31T18:54:36 CET" skipped="0">
  <testcase classname="LinkRedirectionPageTest" name="moveFromHomePageToAnother" time="2.115"/>
  <system-out/>
  <testcase classname="LinkRedirectionPageTest" name="checkThatStatus200IsDisplayed" time="0.236"/>
  <system-out/>
  <testcase classname="LinkRedirectionPageTest" name="moveFromListStatusesPageTo200StatusDescription" time="0.421"/>
  <system-out/>
  <testcase classname="LinkRedirectionPageTest" name="checkStatusDescription" time="0.214"/>
  <system-out/>
  <testcase classname="LinkRedirectionPageTest" name="checkReturnToHomePage" time="0.435"/>
  <system-out/>
</testsuite> <!-- LinkRedirectionPageTest -->
